[CAELIX] experiment=00H_heavy_walker_diffuse_decay
[CAELIX] when=2026-02-24 22:50:41
[CAELIX] what=Heavy Walker diffusion control with decay: linear path, fast pacing, bounded steady regime.
[CAELIX] cwd=
[CAELIX] python=
[CAELIX] command= -u /core.py --out _Output/00_heavy_walker/00H_heavy_walker_diffuse_decay/20260224_225041 --n 512 --traffic-mode diffuse --traffic-iters 200 --traffic-decay 0.010 --walker --walker-steps 64 --walker-tick-iters 100
[CAELIX] command_ml=\n   \
  -u \
  /core.py \
  --out \
  _Output/00_heavy_walker/00H_heavy_walker_diffuse_decay/20260224_225041 \
  --n \
  512 \
  --traffic-mode \
  diffuse \
  --traffic-iters \
  200 \
  --traffic-decay \
  0.010 \
  --walker \
  --walker-steps \
  64 \
  --walker-tick-iters \
  100
[run] log=_Output/00_heavy_walker/00H_heavy_walker_diffuse_decay/20260224_225041/_logs/00H_heavy_walker_diffuse_decay_n512_20260224_225041.log
[run] bundle=_Output/00_heavy_walker/00H_heavy_walker_diffuse_decay/20260224_225041
[run] cwd=
[threads] conservative cpu=28 perf=20 numba=8 vecLib=1
[walker] wrote /_Output/00_heavy_walker/00H_heavy_walker_diffuse_decay/20260224_225041/_csv/00H_heavy_walker_diffuse_decay_n512_20260224_225041.csv
[timing] wall_s=230.681
