[CAELIX] experiment=08E_sine_gordon_breather_baseline
[CAELIX] when=2026-02-24 12:04:34
[CAELIX] what=Sine-Gordon baseline (sponge, traffic-mode=sine_gordon): sweep SG stiffness k and amp; λ is fail-loud ignored.
[CAELIX] cwd=
[CAELIX] python=
[CAELIX] command= -u /core.py --out _Output/08_solitons/08E_sine_gordon_breather_baseline/20260224_120434 --soliton --traffic-mode sine_gordon --traffic-boundary sponge --traffic-sponge-width 24 --traffic-sponge-strength 0.2 --n 96 --traffic-iters 1 --traffic-c2 0.31 --traffic-dt 0.05 --traffic-gamma 0.0 --traffic-decay 0.0 --soliton-steps 5000 --soliton-sigma-start 3.2 --soliton-sigma-stop 3.6 --soliton-sigma-steps 5 --soliton-sg-k-start 0.08 --soliton-sg-k-stop 0.08 --soliton-sg-k-steps 1 --soliton-sg-amp-start 7.5 --soliton-sg-amp-stop 11.0 --soliton-sg-amp-steps 8 --soliton-lambda-start 0.0 --soliton-lambda-stop 0.0 --soliton-lambda-steps 1
[CAELIX] command_ml=\n   \
  -u \
  /core.py \
  --out \
  _Output/08_solitons/08E_sine_gordon_breather_baseline/20260224_120434 \
  --soliton \
  --traffic-mode \
  sine_gordon \
  --traffic-boundary \
  sponge \
  --traffic-sponge-width \
  24 \
  --traffic-sponge-strength \
  0.2 \
  --n \
  96 \
  --traffic-iters \
  1 \
  --traffic-c2 \
  0.31 \
  --traffic-dt \
  0.05 \
  --traffic-gamma \
  0.0 \
  --traffic-decay \
  0.0 \
  --soliton-steps \
  5000 \
  --soliton-sigma-start \
  3.2 \
  --soliton-sigma-stop \
  3.6 \
  --soliton-sigma-steps \
  5 \
  --soliton-sg-k-start \
  0.08 \
  --soliton-sg-k-stop \
  0.08 \
  --soliton-sg-k-steps \
  1 \
  --soliton-sg-amp-start \
  7.5 \
  --soliton-sg-amp-stop \
  11.0 \
  --soliton-sg-amp-steps \
  8 \
  --soliton-lambda-start \
  0.0 \
  --soliton-lambda-stop \
  0.0 \
  --soliton-lambda-steps \
  1
[run] log=_Output/08_solitons/08E_sine_gordon_breather_baseline/20260224_120434/_logs/08E_sine_gordon_breather_baseline_n96_20260224_120434.log
[run] bundle=_Output/08_solitons/08E_sine_gordon_breather_baseline/20260224_120434
[run] cwd=
[threads] conservative cpu=28 perf=20 numba=8 vecLib=1
[timing] wall_s=291.990
