[CAELIX] experiment=00I_heavy_walker_telegraph_decay
[CAELIX] when=2026-02-24 23:00:23
[CAELIX] what=Heavy Walker telegraph decay contrast: fast pacing, weak damping, add decay to reduce field memory.
[CAELIX] cwd=
[CAELIX] python=
[CAELIX] command= -u /core.py --out _Output/00_heavy_walker/00I_heavy_walker_telegraph_decay/20260224_230023 --n 512 --traffic-mode telegraph --traffic-iters 200 --traffic-c2 0.31 --traffic-dt 1.0 --traffic-gamma 0.001 --traffic-decay 0.010 --walker --walker-steps 64 --walker-tick-iters 100
[CAELIX] command_ml=\n   \
  -u \
  /core.py \
  --out \
  _Output/00_heavy_walker/00I_heavy_walker_telegraph_decay/20260224_230023 \
  --n \
  512 \
  --traffic-mode \
  telegraph \
  --traffic-iters \
  200 \
  --traffic-c2 \
  0.31 \
  --traffic-dt \
  1.0 \
  --traffic-gamma \
  0.001 \
  --traffic-decay \
  0.010 \
  --walker \
  --walker-steps \
  64 \
  --walker-tick-iters \
  100
[run] log=_Output/00_heavy_walker/00I_heavy_walker_telegraph_decay/20260224_230023/_logs/00I_heavy_walker_telegraph_decay_n512_20260224_230023.log
[run] bundle=_Output/00_heavy_walker/00I_heavy_walker_telegraph_decay/20260224_230023
[run] cwd=
[threads] conservative cpu=28 perf=20 numba=8 vecLib=1
[walker] wrote /_Output/00_heavy_walker/00I_heavy_walker_telegraph_decay/20260224_230023/_csv/00I_heavy_walker_telegraph_decay_n512_20260224_230023.csv
[timing] wall_s=314.589
