[CAELIX] experiment=00B_heavy_walker_warmstart
[CAELIX] when=2026-02-24 18:09:28
[CAELIX] what=Heavy Walker warm-started test (moving source dynamics).
[CAELIX] cwd=
[CAELIX] python=
[CAELIX] command= -u /core.py --out _Output/00_heavy_walker/00B_heavy_walker_warmstart/20260224_180928 --n 512 --traffic-mode telegraph --traffic-iters 200 --traffic-c2 0.31 --traffic-dt 1.0 --traffic-gamma 0.001 --traffic-decay 0.0 --walker --walker-steps 64 --walker-tick-iters 200
[CAELIX] command_ml=\n   \
  -u \
  /core.py \
  --out \
  _Output/00_heavy_walker/00B_heavy_walker_warmstart/20260224_180928 \
  --n \
  512 \
  --traffic-mode \
  telegraph \
  --traffic-iters \
  200 \
  --traffic-c2 \
  0.31 \
  --traffic-dt \
  1.0 \
  --traffic-gamma \
  0.001 \
  --traffic-decay \
  0.0 \
  --walker \
  --walker-steps \
  64 \
  --walker-tick-iters \
  200
[run] log=_Output/00_heavy_walker/00B_heavy_walker_warmstart/20260224_180928/_logs/00B_heavy_walker_warmstart_n512_20260224_180928.log
[run] bundle=_Output/00_heavy_walker/00B_heavy_walker_warmstart/20260224_180928
[run] cwd=
[threads] conservative cpu=28 perf=20 numba=8 vecLib=1
[walker] wrote /_Output/00_heavy_walker/00B_heavy_walker_warmstart/20260224_180928/_csv/00B_heavy_walker_warmstart_n512_20260224_180928.csv
[timing] wall_s=552.245
